Mplus VERSION 8.10
MUTHEN & MUTHEN
04/19/2024  12:00 PM

INPUT INSTRUCTIONS

   MONTECARLO:  NAMES ARE x y ;
   !z g1 g2;
  !                 generate=g1-g2(1);
   !                categorical=g1-g2;
                   NOBS = 420;
                   NREP = 100;
                   NCSIZES = 1;
                   CSIZES = 30(14);
                   lagged= x(1) y(1) ;
                   !z(1);
                   !save=n*.dat;
                   !repsave=all;

      ANALYSIS:   TYPE IS TWOLEVEL RANDOM;
            estimator=bayes;  proc=8; biter=(1000);

  MODEL MONTECARLO:

       %WITHIN%
  x*1; y*1;!z*1;
  ar1 | x ON x&1;
  ar2 | y ON y&1;
  !ar3 | z ON z&1;

  cl21 | y ON x&1;
  !cl32 | z ON y&1;


      %BETWEEN%
  [x*0];[y*0];![z*0];
  x*1;y*1;!z*1;
  ![g1$1*0 g2$1*0];

  x WITH y*0.3;
  !x WITH z*0.3;
  !y WITH z*0.3;

  [ar1*0.5]; [ar2*0.5]; ![ar3*0.5];
  ar1*0.05; ar2*0.05; !ar3*0.05;

  ar1 WITH ar2*0;
  !ar1 WITH ar3*0;
  !ar2 WITH ar3*0;

  [cl21*0.22];![cl32*0.1];
  cl21*0.05;!cl32*0.05;

  !cl21 ON g1*0.05 g2*0.1;
  !cl32 on g1*0.05 g2*0.1;

  !g1 WITH x*0.1;
  !g2 WITH x*0.1;
  x WITH cl21*0;
  !x WITH cl32*0;

  y WITH cl21*0;
  !y WITH cl32*0;

  !z WITH cl21*0;
  !z WITH cl32*0;

  ar1 WITH cl21*0;
  !ar1 WITH cl32*0;

  ar2 WITH cl21*0;
  !ar2 WITH cl32*0;

  !ar3 WITH cl21*0;
  !ar3 WITH cl32*0;

  !cl21 WITH cl32*0;

      MODEL:
      %WITHIN%
  ar1 | x ON x&1;
  ar2 | y ON y&1;
  !ar3 | z ON z&1;

  cl21 | y ON x&1;
  !cl32 | z ON y&1;


      %BETWEEN%
   ![g1$1 g2$1];
  !x - z WITH x - z;
  x with y;
  !cl21 on g1 g2;
  !cl32 on g1 g2;
  !ar1-cl32 WITH ar1-cl32*0;
  ar1 WITH ar2*0;
  ar1 WITH cl21*0;
  ar2 With cl21*0;



INPUT READING TERMINATED NORMALLY




SUMMARY OF ANALYSIS

Number of groups                                                 1
Number of observations                                         420

Number of replications
    Requested                                                  100
    Completed                                                  100
Value of seed                                                    0

Number of dependent variables                                    2
Number of independent variables                                  2
Number of continuous latent variables                            3

Observed dependent variables

  Continuous
   X           Y

Observed independent variables
   X&1         Y&1

Continuous latent variables
   AR1         AR2         CL21

Variables with special functions

  Within variables
   X&1         Y&1


Estimator                                                    BAYES
Specifications for Bayesian Estimation
  Point estimate                                            MEDIAN
  Number of Markov chain Monte Carlo (MCMC) chains               2
  Random seed for the first chain                                0
  Starting value information                           UNPERTURBED
  Algorithm used for Markov chain Monte Carlo           GIBBS(PX1)
  Convergence criterion                                  0.500D-01
  Maximum number of iterations                               50000
  K-th iteration used for thinning                               1


SUMMARY OF DATA FOR THE FIRST REPLICATION

     Cluster information

       Size (s)    Number of clusters of Size s

         14            30





MODEL FIT INFORMATION

Number of Free Parameters                       17

Information Criteria

    Deviance (DIC)

        Mean                              2481.703
        Std Dev                             38.571
        Number of successful computations      100

             Proportions                   Percentiles
        Expected    Observed         Expected       Observed
           0.990       1.000         2391.975       2393.510
           0.980       0.990         2402.490       2409.230
           0.950       0.970         2418.258       2420.931
           0.900       0.880         2432.270       2428.240
           0.800       0.770         2449.242       2438.111
           0.700       0.680         2461.476       2458.344
           0.500       0.490         2481.703       2481.127
           0.300       0.330         2501.929       2505.760
           0.200       0.250         2514.164       2517.187
           0.100       0.080         2531.135       2527.362
           0.050       0.050         2545.148       2544.898
           0.020       0.010         2560.916       2548.740
           0.010       0.010         2571.430       2554.151

    Estimated Number of Parameters (pD)

        Mean                               102.679
        Std Dev                              6.255
        Number of successful computations      100

             Proportions                   Percentiles
        Expected    Observed         Expected       Observed
           0.990       1.000           88.128         89.999
           0.980       1.000           89.833         90.241
           0.950       0.950           92.390         92.349
           0.900       0.880           94.662         93.448
           0.800       0.790           97.415         97.047
           0.700       0.690           99.399         99.152
           0.500       0.470          102.679        102.135
           0.300       0.300          105.960        105.742
           0.200       0.210          107.944        107.952
           0.100       0.130          110.696        111.001
           0.050       0.060          112.969        114.138
           0.020       0.020          115.526        114.889
           0.010       0.000          117.231        116.051



MODEL RESULTS

                              ESTIMATES              S. E.     M. S. E.  95%  % Sig
                 Population   Average   Std. Dev.   Average             Cover Coeff

Within Level

 Y        WITH
  X                   0.000     0.0076     0.0497     0.0563     0.0025 0.950 0.050

 Residual Variances
  X                   0.500     1.0092     0.0721     0.0787     0.2645 0.000 1.000
  Y                   0.500     1.0027     0.0763     0.0813     0.2585 0.000 1.000

Between Level

 AR1      WITH
  AR2                 0.000    -0.0001     0.0280     0.0385     0.0008 0.970 0.030
  CL21                0.000     0.0016     0.0252     0.0390     0.0006 0.980 0.020

 AR2      WITH
  CL21                0.000    -0.0041     0.0216     0.0367     0.0005 0.990 0.010

 X        WITH
  Y                   0.000     0.3383     0.3821     0.4756     0.2590 0.890 0.110

 Means
  X                   0.000     0.0072     0.2179     0.2580     0.0470 0.980 0.020
  Y                   0.000    -0.0052     0.2182     0.2696     0.0472 0.980 0.020
  AR1                 0.000     0.5083     0.0567     0.0827     0.2615 0.000 1.000
  AR2                 0.000     0.4855     0.0640     0.0781     0.2398 0.000 1.000
  CL21                0.000     0.2245     0.0760     0.0799     0.0561 0.180 0.820

 Variances
  X                   0.500     1.2720     0.5202     0.6152     0.8639 0.550 1.000
  Y                   0.500     1.1712     0.4883     0.6697     0.6866 0.670 1.000
  AR1                 1.000     0.0956     0.0366     0.0513     0.8192 0.000 1.000
  AR2                 1.000     0.0827     0.0282     0.0467     0.8422 0.000 1.000
  CL21                1.000     0.0956     0.0392     0.0591     0.8194 0.000 1.000


CORRELATIONS AND MEAN SQUARE ERROR OF THE TRUE FACTOR VALUES AND THE FACTOR SCORES

                        CORRELATIONS                MEAN SQUARE ERROR
                    Average    Std. Dev.           Average    Std. Dev.
  AR1                 0.601       0.123              0.189       0.024
  AR2                 0.600       0.133              0.182       0.026
  CL21                0.609       0.134              0.187       0.034
  X                   0.812       0.085              0.586       0.113
  Y                   0.748       0.094              0.661       0.119


TECHNICAL 1 OUTPUT


     PARAMETER SPECIFICATION FOR WITHIN


           NU
              X             Y             X&1           Y&1
              ________      ________      ________      ________
                    0             0             0             0


           LAMBDA
              X             Y             X&1           Y&1
              ________      ________      ________      ________
 X                  0             0             0             0
 Y                  0             0             0             0
 X&1                0             0             0             0
 Y&1                0             0             0             0


           THETA
              X             Y             X&1           Y&1
              ________      ________      ________      ________
 X                  0
 Y                  0             0
 X&1                0             0             0
 Y&1                0             0             0             0


           ALPHA
              X             Y             X&1           Y&1
              ________      ________      ________      ________
                    0             0             0             0


           BETA
              X             Y             X&1           Y&1
              ________      ________      ________      ________
 X                  0             0             0             0
 Y                  0             0             0             0
 X&1                0             0             0             0
 Y&1                0             0             0             0


           PSI
              X             Y             X&1           Y&1
              ________      ________      ________      ________
 X                  1
 Y                  2             3
 X&1                0             0             0
 Y&1                0             0             0             0


     PARAMETER SPECIFICATION FOR BETWEEN


           NU
              X             Y
              ________      ________
                    0             0


           LAMBDA
              AR1           AR2           CL21          X             Y
              ________      ________      ________      ________      ________
 X                  0             0             0             0             0
 Y                  0             0             0             0             0


           THETA
              X             Y
              ________      ________
 X                  0
 Y                  0             0


           ALPHA
              AR1           AR2           CL21          X             Y
              ________      ________      ________      ________      ________
                    4             5             6             7             8


           BETA
              AR1           AR2           CL21          X             Y
              ________      ________      ________      ________      ________
 AR1                0             0             0             0             0
 AR2                0             0             0             0             0
 CL21               0             0             0             0             0
 X                  0             0             0             0             0
 Y                  0             0             0             0             0


           PSI
              AR1           AR2           CL21          X             Y
              ________      ________      ________      ________      ________
 AR1                9
 AR2               10            11
 CL21              12            13            14
 X                  0             0             0            15
 Y                  0             0             0            16            17


     STARTING VALUES FOR WITHIN


           NU
              X             Y             X&1           Y&1
              ________      ________      ________      ________
                0.000         0.000         0.000         0.000


           LAMBDA
              X             Y             X&1           Y&1
              ________      ________      ________      ________
 X              1.000         0.000         0.000         0.000
 Y              0.000         1.000         0.000         0.000
 X&1            0.000         0.000         1.000         0.000
 Y&1            0.000         0.000         0.000         1.000


           THETA
              X             Y             X&1           Y&1
              ________      ________      ________      ________
 X              0.000
 Y              0.000         0.000
 X&1            0.000         0.000         0.000
 Y&1            0.000         0.000         0.000         0.000


           ALPHA
              X             Y             X&1           Y&1
              ________      ________      ________      ________
                0.000         0.000         0.000         0.000


           BETA
              X             Y             X&1           Y&1
              ________      ________      ________      ________
 X              0.000         0.000         0.000         0.000
 Y              0.000         0.000         0.000         0.000
 X&1            0.000         0.000         0.000         0.000
 Y&1            0.000         0.000         0.000         0.000


           PSI
              X             Y             X&1           Y&1
              ________      ________      ________      ________
 X              0.500
 Y              0.000         0.500
 X&1            0.000         0.000         0.500
 Y&1            0.000         0.000         0.000         0.500


     STARTING VALUES FOR BETWEEN


           NU
              X             Y
              ________      ________
                0.000         0.000


           LAMBDA
              AR1           AR2           CL21          X             Y
              ________      ________      ________      ________      ________
 X              0.000         0.000         0.000         1.000         0.000
 Y              0.000         0.000         0.000         0.000         1.000


           THETA
              X             Y
              ________      ________
 X              0.000
 Y              0.000         0.000


           ALPHA
              AR1           AR2           CL21          X             Y
              ________      ________      ________      ________      ________
                0.000         0.000         0.000         0.000         0.000


           BETA
              AR1           AR2           CL21          X             Y
              ________      ________      ________      ________      ________
 AR1            0.000         0.000         0.000         0.000         0.000
 AR2            0.000         0.000         0.000         0.000         0.000
 CL21           0.000         0.000         0.000         0.000         0.000
 X              0.000         0.000         0.000         0.000         0.000
 Y              0.000         0.000         0.000         0.000         0.000


           PSI
              AR1           AR2           CL21          X             Y
              ________      ________      ________      ________      ________
 AR1            1.000
 AR2            0.000         1.000
 CL21           0.000         0.000         1.000
 X              0.000         0.000         0.000         0.500
 Y              0.000         0.000         0.000         0.000         0.500


     POPULATION VALUES FOR WITHIN


           NU
              X             Y             X&1           Y&1
              ________      ________      ________      ________
                0.000         0.000         0.000         0.000


           LAMBDA
              X             Y             X&1           Y&1
              ________      ________      ________      ________
 X              1.000         0.000         0.000         0.000
 Y              0.000         1.000         0.000         0.000
 X&1            0.000         0.000         1.000         0.000
 Y&1            0.000         0.000         0.000         1.000


           THETA
              X             Y             X&1           Y&1
              ________      ________      ________      ________
 X              0.000
 Y              0.000         0.000
 X&1            0.000         0.000         0.000
 Y&1            0.000         0.000         0.000         0.000


           ALPHA
              X             Y             X&1           Y&1
              ________      ________      ________      ________
                0.000         0.000         0.000         0.000


           BETA
              X             Y             X&1           Y&1
              ________      ________      ________      ________
 X              0.000         0.000         0.000         0.000
 Y              0.000         0.000         0.000         0.000
 X&1            0.000         0.000         0.000         0.000
 Y&1            0.000         0.000         0.000         0.000


           PSI
              X             Y             X&1           Y&1
              ________      ________      ________      ________
 X              1.000
 Y              0.000         1.000
 X&1            0.000         0.000         1.000
 Y&1            0.000         0.000         0.000         1.000


     POPULATION VALUES FOR BETWEEN


           NU
              X             Y
              ________      ________
                0.000         0.000


           LAMBDA
              AR1           AR2           CL21          X             Y
              ________      ________      ________      ________      ________
 X              0.000         0.000         0.000         1.000         0.000
 Y              0.000         0.000         0.000         0.000         1.000


           THETA
              X             Y
              ________      ________
 X              0.000
 Y              0.000         0.000


           ALPHA
              AR1           AR2           CL21          X             Y
              ________      ________      ________      ________      ________
                0.500         0.500         0.220         0.000         0.000


           BETA
              AR1           AR2           CL21          X             Y
              ________      ________      ________      ________      ________
 AR1            0.000         0.000         0.000         0.000         0.000
 AR2            0.000         0.000         0.000         0.000         0.000
 CL21           0.000         0.000         0.000         0.000         0.000
 X              0.000         0.000         0.000         0.000         0.000
 Y              0.000         0.000         0.000         0.000         0.000


           PSI
              AR1           AR2           CL21          X             Y
              ________      ________      ________      ________      ________
 AR1            0.050
 AR2            0.000         0.050
 CL21           0.000         0.000         0.050
 X              0.000         0.000         0.000         1.000
 Y              0.000         0.000         0.000         0.300         1.000



     PRIORS FOR ALL PARAMETERS            PRIOR MEAN      PRIOR VARIANCE     PRIOR STD. DEV.

     Parameter 1~IW(0.000,-3)              infinity            infinity            infinity
     Parameter 2~IW(0.000,-3)              infinity            infinity            infinity
     Parameter 3~IW(0.000,-3)              infinity            infinity            infinity
     Parameter 4~N(0.000,infinity)           0.0000            infinity            infinity
     Parameter 5~N(0.000,infinity)           0.0000            infinity            infinity
     Parameter 6~N(0.000,infinity)           0.0000            infinity            infinity
     Parameter 7~N(0.000,infinity)           0.0000            infinity            infinity
     Parameter 8~N(0.000,infinity)           0.0000            infinity            infinity
     Parameter 9~IW(0.000,-4)              infinity            infinity            infinity
     Parameter 10~IW(0.000,-4)             infinity            infinity            infinity
     Parameter 11~IW(0.000,-4)             infinity            infinity            infinity
     Parameter 12~IW(0.000,-4)             infinity            infinity            infinity
     Parameter 13~IW(0.000,-4)             infinity            infinity            infinity
     Parameter 14~IW(0.000,-4)             infinity            infinity            infinity
     Parameter 15~IW(0.000,-3)             infinity            infinity            infinity
     Parameter 16~IW(0.000,-3)             infinity            infinity            infinity
     Parameter 17~IW(0.000,-3)             infinity            infinity            infinity


DIAGRAM INFORMATION

  Mplus diagrams are currently not available for multilevel analysis.
  No diagram output was produced.


     Beginning Time:  12:00:58
        Ending Time:  12:02:44
       Elapsed Time:  00:01:46



MUTHEN & MUTHEN
3463 Stoner Ave.
Los Angeles, CA  90066

Tel: (310) 391-9971
Fax: (310) 391-8971
Web: www.StatModel.com
Support: Support@StatModel.com

Copyright (c) 1998-2023 Muthen & Muthen
